<?xml version="1.0" encoding="UTF-8"?>
<testsuite name="ParserTest" tests="3" skipped="0" failures="0" errors="0" timestamp="2024-04-26T16:21:40" hostname="DESKTOP-LUTDHMG" time="0.17">
  <properties/>
  <testcase name="testSortByArea()" classname="ParserTest" time="0.049"/>
  <testcase name="testSortByName()" classname="ParserTest" time="0.006"/>
  <testcase name="testSortByPopulation()" classname="ParserTest" time="0.095"/>
  <system-out><![CDATA[]]></system-out>
  <system-err><![CDATA[]]></system-err>
</testsuite>
